{"/Users/amisaha/Downloads/Projects/Echo/server/utils/index.js":{"path":"/Users/amisaha/Downloads/Projects/Echo/server/utils/index.js","s":{"1":1,"2":1,"3":0,"4":1,"5":0,"6":0,"7":0,"8":1,"9":0,"10":1,"11":0,"12":1,"13":0,"14":0,"15":0},"b":{"1":[0,0],"2":[0,0],"3":[0,0],"4":[0,0]},"f":{"1":0,"2":0,"3":0,"4":0,"5":0},"fnMap":{"1":{"name":"(anonymous_1)","line":3,"loc":{"start":{"line":3,"column":18},"end":{"line":3,"column":33}}},"2":{"name":"spliceOne","line":16,"loc":{"start":{"line":16,"column":20},"end":{"line":16,"column":52}}},"3":{"name":"(anonymous_3)","line":23,"loc":{"start":{"line":23,"column":20},"end":{"line":23,"column":36}}},"4":{"name":"(anonymous_4)","line":27,"loc":{"start":{"line":27,"column":18},"end":{"line":27,"column":33}}},"5":{"name":"(anonymous_5)","line":31,"loc":{"start":{"line":31,"column":22},"end":{"line":31,"column":37}}}},"statementMap":{"1":{"start":{"line":1,"column":0},"end":{"line":1,"column":38}},"2":{"start":{"line":3,"column":0},"end":{"line":13,"column":2}},"3":{"start":{"line":4,"column":2},"end":{"line":12,"column":5}},"4":{"start":{"line":16,"column":0},"end":{"line":21,"column":2}},"5":{"start":{"line":17,"column":2},"end":{"line":19,"column":3}},"6":{"start":{"line":18,"column":4},"end":{"line":18,"column":22}},"7":{"start":{"line":20,"column":2},"end":{"line":20,"column":13}},"8":{"start":{"line":23,"column":0},"end":{"line":25,"column":2}},"9":{"start":{"line":24,"column":2},"end":{"line":24,"column":37}},"10":{"start":{"line":27,"column":0},"end":{"line":29,"column":2}},"11":{"start":{"line":28,"column":2},"end":{"line":28,"column":39}},"12":{"start":{"line":31,"column":0},"end":{"line":35,"column":2}},"13":{"start":{"line":32,"column":2},"end":{"line":32,"column":64}},"14":{"start":{"line":33,"column":2},"end":{"line":33,"column":70}},"15":{"start":{"line":34,"column":2},"end":{"line":34,"column":13}}},"branchMap":{"1":{"line":24,"type":"cond-expr","locations":[{"start":{"line":24,"column":16},"end":{"line":24,"column":31}},{"start":{"line":24,"column":34},"end":{"line":24,"column":36}}]},"2":{"line":32,"type":"binary-expr","locations":[{"start":{"line":32,"column":20},"end":{"line":32,"column":34}},{"start":{"line":32,"column":38},"end":{"line":32,"column":63}}]},"3":{"line":33,"type":"binary-expr","locations":[{"start":{"line":33,"column":17},"end":{"line":33,"column":30}},{"start":{"line":33,"column":34},"end":{"line":33,"column":49}}]},"4":{"line":33,"type":"binary-expr","locations":[{"start":{"line":33,"column":52},"end":{"line":33,"column":61}},{"start":{"line":33,"column":65},"end":{"line":33,"column":67}}]}}}}